<?xml version="1.0" encoding="UTF-8"?>
<testsuite xmlns:xsi="http://www.w3.org/2001/XMLSchema-instance" xsi:noNamespaceSchemaLocation="https://maven.apache.org/surefire/maven-surefire-plugin/xsd/surefire-test-report-3.0.xsd" version="3.0" name="TestSuite" time="1.722" tests="10" errors="0" skipped="0" failures="0">
  <properties>
    <property name="sun.desktop" value="gnome"/>
    <property name="awt.toolkit" value="sun.awt.X11.XToolkit"/>
    <property name="java.specification.version" value="11"/>
    <property name="sun.cpu.isalist" value=""/>
    <property name="sun.jnu.encoding" value="UTF-8"/>
    <property name="java.class.path" value="/home/tango/univ/msv/my-app/target/test-classes:/home/tango/univ/msv/my-app/target/classes:/home/tango/.m2/repository/org/testng/testng/7.4.0/testng-7.4.0.jar:/home/tango/.m2/repository/com/beust/jcommander/1.78/jcommander-1.78.jar:/home/tango/.m2/repository/org/webjars/jquery/3.5.1/jquery-3.5.1.jar:/home/tango/.m2/repository/org/hamcrest/hamcrest-all/1.3/hamcrest-all-1.3.jar:"/>
    <property name="java.vm.vendor" value="Ubuntu"/>
    <property name="sun.arch.data.model" value="64"/>
    <property name="java.vendor.url" value="https://ubuntu.com/"/>
    <property name="user.timezone" value="Europe/Kyiv"/>
    <property name="suiteXmlFile" value="testng-sequential.xml"/>
    <property name="java.vm.specification.version" value="11"/>
    <property name="os.name" value="Linux"/>
    <property name="sun.java.launcher" value="SUN_STANDARD"/>
    <property name="user.country" value="UA"/>
    <property name="sun.boot.library.path" value="/usr/lib/jvm/java-11-openjdk-amd64/lib"/>
    <property name="sun.java.command" value="/home/tango/univ/msv/my-app/target/surefire/surefirebooter3556603232999325072.jar /home/tango/univ/msv/my-app/target/surefire 2023-05-08T16-15-29_337-jvmRun1 surefire1060828068326829555tmp surefire_015443856650938563083tmp"/>
    <property name="jdk.debug" value="release"/>
    <property name="surefire.test.class.path" value="/home/tango/univ/msv/my-app/target/test-classes:/home/tango/univ/msv/my-app/target/classes:/home/tango/.m2/repository/org/testng/testng/7.4.0/testng-7.4.0.jar:/home/tango/.m2/repository/com/beust/jcommander/1.78/jcommander-1.78.jar:/home/tango/.m2/repository/org/webjars/jquery/3.5.1/jquery-3.5.1.jar:/home/tango/.m2/repository/org/hamcrest/hamcrest-all/1.3/hamcrest-all-1.3.jar:"/>
    <property name="sun.cpu.endian" value="little"/>
    <property name="user.home" value="/home/tango"/>
    <property name="user.language" value="ru"/>
    <property name="java.specification.vendor" value="Oracle Corporation"/>
    <property name="java.version.date" value="2023-01-17"/>
    <property name="java.home" value="/usr/lib/jvm/java-11-openjdk-amd64"/>
    <property name="file.separator" value="/"/>
    <property name="basedir" value="/home/tango/univ/msv/my-app"/>
    <property name="java.vm.compressedOopsMode" value="32-bit"/>
    <property name="line.separator" value="&#10;"/>
    <property name="java.specification.name" value="Java Platform API Specification"/>
    <property name="java.vm.specification.vendor" value="Oracle Corporation"/>
    <property name="java.awt.graphicsenv" value="sun.awt.X11GraphicsEnvironment"/>
    <property name="surefire.real.class.path" value="/home/tango/univ/msv/my-app/target/surefire/surefirebooter3556603232999325072.jar"/>
    <property name="sun.management.compiler" value="HotSpot 64-Bit Tiered Compilers"/>
    <property name="java.runtime.version" value="11.0.18+10-post-Ubuntu-0ubuntu120.04.1"/>
    <property name="user.name" value="tango"/>
    <property name="path.separator" value=":"/>
    <property name="os.version" value="5.15.0-71-generic"/>
    <property name="java.runtime.name" value="OpenJDK Runtime Environment"/>
    <property name="file.encoding" value="UTF-8"/>
    <property name="java.vm.name" value="OpenJDK 64-Bit Server VM"/>
    <property name="localRepository" value="/home/tango/.m2/repository"/>
    <property name="java.vendor.url.bug" value="https://bugs.launchpad.net/ubuntu/+source/openjdk-lts"/>
    <property name="java.io.tmpdir" value="/tmp"/>
    <property name="java.version" value="11.0.18"/>
    <property name="user.dir" value="/home/tango/univ/msv/my-app"/>
    <property name="os.arch" value="amd64"/>
    <property name="java.vm.specification.name" value="Java Virtual Machine Specification"/>
    <property name="java.awt.printerjob" value="sun.print.PSPrinterJob"/>
    <property name="sun.os.patch.level" value="unknown"/>
    <property name="java.library.path" value="/usr/java/packages/lib:/usr/lib/x86_64-linux-gnu/jni:/lib/x86_64-linux-gnu:/usr/lib/x86_64-linux-gnu:/usr/lib/jni:/lib:/usr/lib"/>
    <property name="java.vm.info" value="mixed mode, sharing"/>
    <property name="java.vendor" value="Ubuntu"/>
    <property name="java.vm.version" value="11.0.18+10-post-Ubuntu-0ubuntu120.04.1"/>
    <property name="sun.io.unicode.encoding" value="UnicodeLittle"/>
    <property name="java.class.version" value="55.0"/>
  </properties>
  <testcase name="testCountingVowels" classname="com.example.AppTest" time="0.031">
    <system-out><![CDATA[[Configuration] [WARN] Detected a static method [com.example.AppTest.setupAll()]. Static configuration methods can cause  unexpected behavior.
]]></system-out>
  </testcase>
  <testcase name="testCountingVowelsException" classname="com.example.AppTest" time="0.006"/>
  <testcase name="testEmptyInput" classname="com.example.AppTest" time="0.002"/>
  <testcase name="testFileNotFound" classname="com.example.AppTest" time="0.021"/>
  <testcase name="testFileRead" classname="com.example.AppTest" time="0.012"/>
  <testcase name="testHamcrestMatchers" classname="com.example.AppTest" time="0.024"/>
  <testcase name="testParameterizedInput[Aeonian eon of an input string, Aeonian, true](1)" classname="com.example.AppTest" time="0.007"/>
  <testcase name="testParameterizedInput[Aeonian, Aeonian, true](2)" classname="com.example.AppTest" time="0.001"/>
  <testcase name="testParameterizedInput[string, Aeonian, false](3)" classname="com.example.AppTest" time="0.001"/>
  <testcase name="testWordsWithMoreConsonantsOrEqual" classname="com.example.AppTest" time="0.002"/>
</testsuite>