<?xml version="1.0" encoding="UTF-8"?>
<!-- Generated by org.testng.reporters.JUnitReportReporter -->
<testsuite hostname="tango-HP-Pavilion-m6-Notebook-PC" failures="0" tests="10" name="com.example.AppTest" time="0.178" errors="0" timestamp="2023-05-11T11:24:54 EEST" skipped="0">
  <testcase classname="com.example.AppTest" name="testFileNotFound" time="0.024"/>
  <system-out/>
  <testcase classname="com.example.AppTest" name="testFileRead" time="0.018"/>
  <system-out/>
  <testcase classname="com.example.AppTest" name="testParameterizedInput" time="0.006"/>
  <system-out/>
  <testcase classname="com.example.AppTest" name="testWordsWithMoreConsonantsOrEqual" time="0.003"/>
  <system-out/>
  <testcase classname="com.example.AppTest" name="testCountingVowelsException" time="0.025"/>
  <system-out/>
  <testcase classname="com.example.AppTest" name="testHamcrestMatchers" time="0.017"/>
  <system-out/>
  <testcase classname="com.example.AppTest" name="testParameterizedInput" time="0.017"/>
  <system-out/>
  <testcase classname="com.example.AppTest" name="testParameterizedInput" time="0.005"/>
  <system-out/>
  <testcase classname="com.example.AppTest" name="testCountingVowels" time="0.059"/>
  <system-out/>
  <testcase classname="com.example.AppTest" name="testEmptyInput" time="0.004"/>
  <system-out/>
</testsuite> <!-- com.example.AppTest -->
